E, [2018-01-18T17:25:39.278846 #46997] ERROR -- Kitchen: ------Exception-------
E, [2018-01-18T17:25:39.279122 #46997] ERROR -- Kitchen: Class: Kitchen::UserError
E, [2018-01-18T17:25:39.279174 #46997] ERROR -- Kitchen: Message: Vagrant 1.1.0 or higher is not installed. Please download a package from http://www.vagrantup.com/downloads.html.
E, [2018-01-18T17:25:39.279218 #46997] ERROR -- Kitchen: ----------------------
E, [2018-01-18T17:25:39.279249 #46997] ERROR -- Kitchen: ------Backtrace-------
E, [2018-01-18T17:25:39.279279 #46997] ERROR -- Kitchen: /opt/chefdk/embedded/lib/ruby/gems/2.4.0/gems/kitchen-vagrant-1.2.1/lib/kitchen/driver/vagrant.rb:526:in `rescue in vagrant_version'
E, [2018-01-18T17:25:39.279322 #46997] ERROR -- Kitchen: /opt/chefdk/embedded/lib/ruby/gems/2.4.0/gems/kitchen-vagrant-1.2.1/lib/kitchen/driver/vagrant.rb:522:in `vagrant_version'
E, [2018-01-18T17:25:39.279356 #46997] ERROR -- Kitchen: /opt/chefdk/embedded/lib/ruby/gems/2.4.0/gems/kitchen-vagrant-1.2.1/lib/kitchen/driver/vagrant.rb:184:in `verify_dependencies'
E, [2018-01-18T17:25:39.279390 #46997] ERROR -- Kitchen: /opt/chefdk/embedded/lib/ruby/gems/2.4.0/gems/test-kitchen-1.17.0/lib/kitchen/driver.rb:43:in `for_plugin'
E, [2018-01-18T17:25:39.279424 #46997] ERROR -- Kitchen: /opt/chefdk/embedded/lib/ruby/gems/2.4.0/gems/test-kitchen-1.17.0/lib/kitchen/config.rb:228:in `new_driver'
E, [2018-01-18T17:25:39.279457 #46997] ERROR -- Kitchen: /opt/chefdk/embedded/lib/ruby/gems/2.4.0/gems/test-kitchen-1.17.0/lib/kitchen/config.rb:241:in `new_instance'
E, [2018-01-18T17:25:39.279490 #46997] ERROR -- Kitchen: /opt/chefdk/embedded/lib/ruby/gems/2.4.0/gems/test-kitchen-1.17.0/lib/kitchen/config.rb:137:in `block in build_instances'
E, [2018-01-18T17:25:39.279523 #46997] ERROR -- Kitchen: /opt/chefdk/embedded/lib/ruby/gems/2.4.0/gems/test-kitchen-1.17.0/lib/kitchen/config.rb:136:in `map'
E, [2018-01-18T17:25:39.279553 #46997] ERROR -- Kitchen: /opt/chefdk/embedded/lib/ruby/gems/2.4.0/gems/test-kitchen-1.17.0/lib/kitchen/config.rb:136:in `with_index'
E, [2018-01-18T17:25:39.279579 #46997] ERROR -- Kitchen: /opt/chefdk/embedded/lib/ruby/gems/2.4.0/gems/test-kitchen-1.17.0/lib/kitchen/config.rb:136:in `build_instances'
E, [2018-01-18T17:25:39.279608 #46997] ERROR -- Kitchen: /opt/chefdk/embedded/lib/ruby/gems/2.4.0/gems/test-kitchen-1.17.0/lib/kitchen/config.rb:112:in `instances'
E, [2018-01-18T17:25:39.279640 #46997] ERROR -- Kitchen: /opt/chefdk/embedded/lib/ruby/gems/2.4.0/gems/test-kitchen-1.17.0/lib/kitchen/command.rb:112:in `filtered_instances'
E, [2018-01-18T17:25:39.279670 #46997] ERROR -- Kitchen: /opt/chefdk/embedded/lib/ruby/gems/2.4.0/gems/test-kitchen-1.17.0/lib/kitchen/command.rb:142:in `parse_subcommand'
E, [2018-01-18T17:25:39.279700 #46997] ERROR -- Kitchen: /opt/chefdk/embedded/lib/ruby/gems/2.4.0/gems/test-kitchen-1.17.0/lib/kitchen/command/list.rb:30:in `call'
E, [2018-01-18T17:25:39.279729 #46997] ERROR -- Kitchen: /opt/chefdk/embedded/lib/ruby/gems/2.4.0/gems/test-kitchen-1.17.0/lib/kitchen/cli.rb:53:in `perform'
E, [2018-01-18T17:25:39.279761 #46997] ERROR -- Kitchen: /opt/chefdk/embedded/lib/ruby/gems/2.4.0/gems/test-kitchen-1.17.0/lib/kitchen/cli.rb:121:in `list'
E, [2018-01-18T17:25:39.279790 #46997] ERROR -- Kitchen: /opt/chefdk/embedded/lib/ruby/gems/2.4.0/gems/thor-0.19.1/lib/thor/command.rb:27:in `run'
E, [2018-01-18T17:25:39.279821 #46997] ERROR -- Kitchen: /opt/chefdk/embedded/lib/ruby/gems/2.4.0/gems/thor-0.19.1/lib/thor/invocation.rb:126:in `invoke_command'
E, [2018-01-18T17:25:39.279851 #46997] ERROR -- Kitchen: /opt/chefdk/embedded/lib/ruby/gems/2.4.0/gems/test-kitchen-1.17.0/lib/kitchen/cli.rb:334:in `invoke_task'
E, [2018-01-18T17:25:39.279881 #46997] ERROR -- Kitchen: /opt/chefdk/embedded/lib/ruby/gems/2.4.0/gems/thor-0.19.1/lib/thor.rb:359:in `dispatch'
E, [2018-01-18T17:25:39.279912 #46997] ERROR -- Kitchen: /opt/chefdk/embedded/lib/ruby/gems/2.4.0/gems/thor-0.19.1/lib/thor/base.rb:440:in `start'
E, [2018-01-18T17:25:39.279944 #46997] ERROR -- Kitchen: /opt/chefdk/embedded/lib/ruby/gems/2.4.0/gems/test-kitchen-1.17.0/bin/kitchen:13:in `block in <top (required)>'
E, [2018-01-18T17:25:39.279986 #46997] ERROR -- Kitchen: /opt/chefdk/embedded/lib/ruby/gems/2.4.0/gems/test-kitchen-1.17.0/lib/kitchen/errors.rb:171:in `with_friendly_errors'
E, [2018-01-18T17:25:39.280018 #46997] ERROR -- Kitchen: /opt/chefdk/embedded/lib/ruby/gems/2.4.0/gems/test-kitchen-1.17.0/bin/kitchen:13:in `<top (required)>'
E, [2018-01-18T17:25:39.280049 #46997] ERROR -- Kitchen: /usr/local/bin/kitchen:267:in `load'
E, [2018-01-18T17:25:39.280077 #46997] ERROR -- Kitchen: /usr/local/bin/kitchen:267:in `<main>'
E, [2018-01-18T17:25:39.280110 #46997] ERROR -- Kitchen: ----End Backtrace-----
E, [2018-01-18T17:25:39.280142 #46997] ERROR -- Kitchen: ---Nested Exception---
E, [2018-01-18T17:25:39.280173 #46997] ERROR -- Kitchen: Class: Errno::ENOENT
E, [2018-01-18T17:25:39.280201 #46997] ERROR -- Kitchen: Message: No such file or directory - vagrant
E, [2018-01-18T17:25:39.280229 #46997] ERROR -- Kitchen: ----------------------
E, [2018-01-18T17:25:39.280255 #46997] ERROR -- Kitchen: ------Backtrace-------
E, [2018-01-18T17:25:39.280280 #46997] ERROR -- Kitchen: /opt/chefdk/embedded/lib/ruby/gems/2.4.0/gems/kitchen-vagrant-1.2.1/lib/kitchen/driver/vagrant.rb:526:in `rescue in vagrant_version'
E, [2018-01-18T17:25:39.280308 #46997] ERROR -- Kitchen: /opt/chefdk/embedded/lib/ruby/gems/2.4.0/gems/kitchen-vagrant-1.2.1/lib/kitchen/driver/vagrant.rb:522:in `vagrant_version'
E, [2018-01-18T17:25:39.280334 #46997] ERROR -- Kitchen: /opt/chefdk/embedded/lib/ruby/gems/2.4.0/gems/kitchen-vagrant-1.2.1/lib/kitchen/driver/vagrant.rb:184:in `verify_dependencies'
E, [2018-01-18T17:25:39.280363 #46997] ERROR -- Kitchen: /opt/chefdk/embedded/lib/ruby/gems/2.4.0/gems/test-kitchen-1.17.0/lib/kitchen/driver.rb:43:in `for_plugin'
E, [2018-01-18T17:25:39.280395 #46997] ERROR -- Kitchen: /opt/chefdk/embedded/lib/ruby/gems/2.4.0/gems/test-kitchen-1.17.0/lib/kitchen/config.rb:228:in `new_driver'
E, [2018-01-18T17:25:39.280424 #46997] ERROR -- Kitchen: /opt/chefdk/embedded/lib/ruby/gems/2.4.0/gems/test-kitchen-1.17.0/lib/kitchen/config.rb:241:in `new_instance'
E, [2018-01-18T17:25:39.280450 #46997] ERROR -- Kitchen: /opt/chefdk/embedded/lib/ruby/gems/2.4.0/gems/test-kitchen-1.17.0/lib/kitchen/config.rb:137:in `block in build_instances'
E, [2018-01-18T17:25:39.280480 #46997] ERROR -- Kitchen: /opt/chefdk/embedded/lib/ruby/gems/2.4.0/gems/test-kitchen-1.17.0/lib/kitchen/config.rb:136:in `map'
E, [2018-01-18T17:25:39.280511 #46997] ERROR -- Kitchen: /opt/chefdk/embedded/lib/ruby/gems/2.4.0/gems/test-kitchen-1.17.0/lib/kitchen/config.rb:136:in `with_index'
E, [2018-01-18T17:25:39.280538 #46997] ERROR -- Kitchen: /opt/chefdk/embedded/lib/ruby/gems/2.4.0/gems/test-kitchen-1.17.0/lib/kitchen/config.rb:136:in `build_instances'
E, [2018-01-18T17:25:39.280567 #46997] ERROR -- Kitchen: /opt/chefdk/embedded/lib/ruby/gems/2.4.0/gems/test-kitchen-1.17.0/lib/kitchen/config.rb:112:in `instances'
E, [2018-01-18T17:25:39.280598 #46997] ERROR -- Kitchen: /opt/chefdk/embedded/lib/ruby/gems/2.4.0/gems/test-kitchen-1.17.0/lib/kitchen/command.rb:112:in `filtered_instances'
E, [2018-01-18T17:25:39.280629 #46997] ERROR -- Kitchen: /opt/chefdk/embedded/lib/ruby/gems/2.4.0/gems/test-kitchen-1.17.0/lib/kitchen/command.rb:142:in `parse_subcommand'
E, [2018-01-18T17:25:39.280658 #46997] ERROR -- Kitchen: /opt/chefdk/embedded/lib/ruby/gems/2.4.0/gems/test-kitchen-1.17.0/lib/kitchen/command/list.rb:30:in `call'
E, [2018-01-18T17:25:39.280692 #46997] ERROR -- Kitchen: /opt/chefdk/embedded/lib/ruby/gems/2.4.0/gems/test-kitchen-1.17.0/lib/kitchen/cli.rb:53:in `perform'
E, [2018-01-18T17:25:39.280723 #46997] ERROR -- Kitchen: /opt/chefdk/embedded/lib/ruby/gems/2.4.0/gems/test-kitchen-1.17.0/lib/kitchen/cli.rb:121:in `list'
E, [2018-01-18T17:25:39.280842 #46997] ERROR -- Kitchen: /opt/chefdk/embedded/lib/ruby/gems/2.4.0/gems/thor-0.19.1/lib/thor/command.rb:27:in `run'
E, [2018-01-18T17:25:39.280890 #46997] ERROR -- Kitchen: /opt/chefdk/embedded/lib/ruby/gems/2.4.0/gems/thor-0.19.1/lib/thor/invocation.rb:126:in `invoke_command'
E, [2018-01-18T17:25:39.280989 #46997] ERROR -- Kitchen: /opt/chefdk/embedded/lib/ruby/gems/2.4.0/gems/test-kitchen-1.17.0/lib/kitchen/cli.rb:334:in `invoke_task'
E, [2018-01-18T17:25:39.281041 #46997] ERROR -- Kitchen: /opt/chefdk/embedded/lib/ruby/gems/2.4.0/gems/thor-0.19.1/lib/thor.rb:359:in `dispatch'
E, [2018-01-18T17:25:39.281072 #46997] ERROR -- Kitchen: /opt/chefdk/embedded/lib/ruby/gems/2.4.0/gems/thor-0.19.1/lib/thor/base.rb:440:in `start'
E, [2018-01-18T17:25:39.281119 #46997] ERROR -- Kitchen: /opt/chefdk/embedded/lib/ruby/gems/2.4.0/gems/test-kitchen-1.17.0/bin/kitchen:13:in `block in <top (required)>'
E, [2018-01-18T17:25:39.281164 #46997] ERROR -- Kitchen: /opt/chefdk/embedded/lib/ruby/gems/2.4.0/gems/test-kitchen-1.17.0/lib/kitchen/errors.rb:171:in `with_friendly_errors'
E, [2018-01-18T17:25:39.281207 #46997] ERROR -- Kitchen: /opt/chefdk/embedded/lib/ruby/gems/2.4.0/gems/test-kitchen-1.17.0/bin/kitchen:13:in `<top (required)>'
E, [2018-01-18T17:25:39.281236 #46997] ERROR -- Kitchen: /usr/local/bin/kitchen:267:in `load'
E, [2018-01-18T17:25:39.281261 #46997] ERROR -- Kitchen: /usr/local/bin/kitchen:267:in `<main>'
E, [2018-01-18T17:25:39.281285 #46997] ERROR -- Kitchen: ----End Backtrace-----
